Arguments: 
  C:\Program Files\nodejs\node.exe C:\Users\mateu\AppData\Roaming\npm\node_modules\yarn\bin\yarn.js install

PATH: 
  C:\Program Files\Git\mingw64\bin;C:\Program Files\Git\usr\bin;C:\Users\mateu\bin;C:\Program Files (x86)\Common Files\Oracle\Java\javapath;C:\Windows\system32;C:\Windows;C:\Windows\System32\Wbem;C:\Windows\System32\WindowsPowerShell\v1.0;C:\Windows\System32\OpenSSH;C:\Program Files\Git\cmd;C:\Program Files\nodejs;C:\Program Files (x86)\Microsoft SQL Server\150\DTS\Binn;C:\Program Files\Azure Data Studio\bin;C:\Program Files\Microsoft SQL Server\Client SDK\ODBC\170\Tools\Binn;C:\Program Files (x86)\Microsoft SQL Server\150\Tools\Binn;C:\Program Files\Microsoft SQL Server\150\Tools\Binn;C:\Program Files\Microsoft SQL Server\150\DTS\Binn;C:\Users\mateu\.windows-build-tools\python27;C:\Users\mateu\AppData\Local\Programs\Python\Python39\Scripts;C:\Users\mateu\AppData\Local\Programs\Python\Python39;C:\Users\mateu\AppData\Local\Microsoft\WindowsApps;C:\Users\mateu\AppData\Local\Programs\Microsoft VS Code\bin;C:\Users\mateu\AppData\Roaming\npm;C:\Users\mateu\AppData\Local\Programs\Python;C:\Users\mateu\Documents\Development\Nginx\nginx;C:\Users\mateu\AppData\Local\Pandoc;C:\Program Files\Azure Data Studio\bin;C:\Users\mateu\Documents\Development\Flutter\flutter\bin;C:\Users\mateu\AppData\Local\hyper\app-3.0.2\resources\bin

Yarn version: 
  1.22.10

Node version: 
  14.15.1

Platform: 
  win32 x64

Trace: 
  SyntaxError: C:\Users\mateu\Documents\Development\webstacks_flight\webstacks_flight\package.json: Unexpected token } in JSON at position 1100
      at JSON.parse (<anonymous>)
      at C:\Users\mateu\AppData\Roaming\npm\node_modules\yarn\lib\cli.js:1625:59
      at Generator.next (<anonymous>)
      at step (C:\Users\mateu\AppData\Roaming\npm\node_modules\yarn\lib\cli.js:310:30)
      at C:\Users\mateu\AppData\Roaming\npm\node_modules\yarn\lib\cli.js:321:13

npm manifest: 
  {
    "main": "node_modules/expo/AppEntry.js",
    "scripts": {
      "start": "expo start",
      "android": "expo start --android",
      "ios": "expo start --ios",
      "web": "expo start --web",
      "eject": "expo eject"
    },
    "dependencies": {
      "@expo/vector-icons": "^12.0.3",
      "@react-native-community/masked-view": "0.1.10",
      "@react-navigation/drawer": "^5.12.2",
      "@react-navigation/native": "^5.9.1",
      "@react-navigation/stack": "^5.14.0",
      "axios": "^0.21.1",
      "expo": "~40.0.0",
      "expo-linear-gradient": "~8.4.0",
      "expo-status-bar": "~1.0.3",
      "react": "16.13.1",
      "react-dom": "16.13.1",
      "react-native": "https://github.com/expo/react-native/archive/sdk-40.0.1.tar.gz",
      "react-native-floating-label-input": "^1.3.2",
      "react-native-gesture-handler": "~1.8.0",
      "react-native-linear-gradient": "^2.5.6",
      "react-native-reanimated": "~1.13.0",
      "react-native-safe-area-context": "3.1.9",
      "react-native-screens": "~2.15.0",
      "react-native-toast-message": "^1.4.3",
      "react-native-web": "~0.13.12",
      "styled-components": "^5.2.1",
    },
    "devDependencies": {
      "@babel/core": "~7.9.0",
      "@types/react": "~16.9.35",
      "@types/react-dom": "~16.9.8",
      "@types/react-native": "~0.63.2",
      "@types/styled-components": "^5.1.7",
      "@types/styled-components-react-native": "^5.1.1",
      "typescript": "~4.0.0"
    },
    "private": true
  }

yarn manifest: 
  No manifest

Lockfile: 
  No lockfile
